{"meta": {"format": 3, "version": "7.13.5", "timestamp": "2026-04-04T03:22:37.044200", "branch_coverage": false, "show_contexts": false}, "files": {"dagster_project/ops/scrape_op.py": {"executed_lines": [], "summary": {"covered_lines": 0, "num_statements": 37, "percent_covered": 0.0, "percent_covered_display": "0", "missing_lines": 37, "excluded_lines": 0, "percent_statements_covered": 0.0, "percent_statements_covered_display": "0"}, "missing_lines": [1, 2, 3, 6, 13, 23, 25, 27, 28, 29, 30, 32, 34, 41, 42, 44, 46, 54, 56, 58, 59, 64, 66, 67, 69, 76, 77, 79, 81, 88, 90, 92, 94, 95, 96, 101, 103], "excluded_lines": [], "functions": {"unified_pipeline_op": {"executed_lines": [], "summary": {"covered_lines": 0, "num_statements": 10, "percent_covered": 0.0, "percent_covered_display": "0", "missing_lines": 10, "excluded_lines": 0, "percent_statements_covered": 0.0, "percent_statements_covered_display": "0"}, "missing_lines": [25, 27, 28, 29, 30, 32, 34, 41, 42, 44], "excluded_lines": [], "start_line": 23}, "generate_scrape_tasks": {"executed_lines": [], "summary": {"covered_lines": 0, "num_statements": 4, "percent_covered": 0.0, "percent_covered_display": "0", "missing_lines": 4, "excluded_lines": 0, "percent_statements_covered": 0.0, "percent_statements_covered_display": "0"}, "missing_lines": [56, 58, 59, 64], "excluded_lines": [], "start_line": 54}, "scrape_body_partition": {"executed_lines": [], "summary": {"covered_lines": 0, "num_statements": 4, "percent_covered": 0.0, "percent_covered_display": "0", "missing_lines": 4, "excluded_lines": 0, "percent_statements_covered": 0.0, "percent_statements_covered_display": "0"}, "missing_lines": [69, 76, 77, 79], "excluded_lines": [], "start_line": 67}, "bulk_transform_op": {"executed_lines": [], "summary": {"covered_lines": 0, "num_statements": 7, "percent_covered": 0.0, "percent_covered_display": "0", "missing_lines": 7, "excluded_lines": 0, "percent_statements_covered": 0.0, "percent_statements_covered_display": "0"}, "missing_lines": [90, 92, 94, 95, 96, 101, 103], "excluded_lines": [], "start_line": 88}, "": {"executed_lines": [], "summary": {"covered_lines": 0, "num_statements": 12, "percent_covered": 0.0, "percent_covered_display": "0", "missing_lines": 12, "excluded_lines": 0, "percent_statements_covered": 0.0, "percent_statements_covered_display": "0"}, "missing_lines": [1, 2, 3, 6, 13, 23, 46, 54, 66, 67, 81, 88], "excluded_lines": [], "start_line": 1}}, "classes": {"": {"executed_lines": [], "summary": {"covered_lines": 0, "num_statements": 37, "percent_covered": 0.0, "percent_covered_display": "0", "missing_lines": 37, "excluded_lines": 0, "percent_statements_covered": 0.0, "percent_statements_covered_display": "0"}, "missing_lines": [1, 2, 3, 6, 13, 23, 25, 27, 28, 29, 30, 32, 34, 41, 42, 44, 46, 54, 56, 58, 59, 64, 66, 67, 69, 76, 77, 79, 81, 88, 90, 92, 94, 95, 96, 101, 103], "excluded_lines": [], "start_line": 1}}}, "dagster_project/ops/transform_op.py": {"executed_lines": [], "summary": {"covered_lines": 0, "num_statements": 25, "percent_covered": 0.0, "percent_covered_display": "0", "missing_lines": 25, "excluded_lines": 0, "percent_statements_covered": 0.0, "percent_statements_covered_display": "0"}, "missing_lines": [1, 2, 3, 4, 7, 10, 15, 17, 18, 19, 20, 22, 24, 25, 26, 28, 29, 30, 31, 33, 36, 37, 39, 48, 49], "excluded_lines": [], "functions": {"transform_single_partition": {"executed_lines": [], "summary": {"covered_lines": 0, "num_statements": 13, "percent_covered": 0.0, "percent_covered_display": "0", "missing_lines": 13, "excluded_lines": 0, "percent_statements_covered": 0.0, "percent_statements_covered_display": "0"}, "missing_lines": [17, 18, 19, 20, 22, 24, 25, 26, 28, 29, 30, 31, 33], "excluded_lines": [], "start_line": 15}, "consolidate_transform_results": {"executed_lines": [], "summary": {"covered_lines": 0, "num_statements": 3, "percent_covered": 0.0, "percent_covered_display": "0", "missing_lines": 3, "excluded_lines": 0, "percent_statements_covered": 0.0, "percent_statements_covered_display": "0"}, "missing_lines": [39, 48, 49], "excluded_lines": [], "start_line": 37}, "": {"executed_lines": [], "summary": {"covered_lines": 0, "num_statements": 9, "percent_covered": 0.0, "percent_covered_display": "0", "missing_lines": 9, "excluded_lines": 0, "percent_statements_covered": 0.0, "percent_statements_covered_display": "0"}, "missing_lines": [1, 2, 3, 4, 7, 10, 15, 36, 37], "excluded_lines": [], "start_line": 1}}, "classes": {"": {"executed_lines": [], "summary": {"covered_lines": 0, "num_statements": 25, "percent_covered": 0.0, "percent_covered_display": "0", "missing_lines": 25, "excluded_lines": 0, "percent_statements_covered": 0.0, "percent_statements_covered_display": "0"}, "missing_lines": [1, 2, 3, 4, 7, 10, 15, 17, 18, 19, 20, 22, 24, 25, 26, 28, 29, 30, 31, 33, 36, 37, 39, 48, 49], "excluded_lines": [], "start_line": 1}}}, "dagster_project/workflow_runner.py": {"executed_lines": [1, 2, 3, 4, 5, 6, 7, 8, 9, 11, 12, 14, 17, 24, 27, 32, 82, 112, 114, 115], "summary": {"covered_lines": 20, "num_statements": 98, "percent_covered": 20.408163265306122, "percent_covered_display": "20", "missing_lines": 78, "excluded_lines": 13, "percent_statements_covered": 20.408163265306122, "percent_statements_covered_display": "20"}, "missing_lines": [28, 29, 30, 34, 35, 36, 38, 40, 41, 43, 44, 45, 50, 51, 53, 56, 58, 59, 62, 66, 68, 69, 70, 71, 73, 74, 79, 80, 84, 85, 86, 87, 90, 91, 92, 93, 94, 95, 96, 97, 100, 101, 102, 103, 105, 106, 107, 108, 109, 110, 116, 120, 121, 126, 128, 132, 133, 134, 136, 144, 145, 147, 148, 150, 156, 157, 158, 160, 161, 163, 173, 175, 176, 177, 178, 183, 184, 186], "excluded_lines": [55, 75, 76, 77, 119, 122, 123, 124, 127, 130, 174, 179, 180], "functions": {"WRDiscoveryEngine.__init__": {"executed_lines": [], "summary": {"covered_lines": 0, "num_statements": 3, "percent_covered": 0.0, "percent_covered_display": "0", "missing_lines": 3, "excluded_lines": 0, "percent_statements_covered": 0.0, "percent_statements_covered_display": "0"}, "missing_lines": [28, 29, 30], "excluded_lines": [], "start_line": 27}, "WRDiscoveryEngine.discover_partition": {"executed_lines": [], "summary": {"covered_lines": 0, "num_statements": 25, "percent_covered": 0.0, "percent_covered_display": "0", "missing_lines": 25, "excluded_lines": 4, "percent_statements_covered": 0.0, "percent_statements_covered_display": "0"}, "missing_lines": [34, 35, 36, 38, 40, 41, 43, 44, 45, 50, 51, 53, 56, 58, 59, 62, 66, 68, 69, 70, 71, 73, 74, 79, 80], "excluded_lines": [55, 75, 76, 77], "start_line": 32}, "async_discovery": {"executed_lines": [], "summary": {"covered_lines": 0, "num_statements": 20, "percent_covered": 0.0, "percent_covered_display": "0", "missing_lines": 20, "excluded_lines": 0, "percent_statements_covered": 0.0, "percent_statements_covered_display": "0"}, "missing_lines": [84, 85, 86, 87, 90, 91, 92, 93, 94, 95, 96, 97, 100, 101, 105, 106, 107, 108, 109, 110], "excluded_lines": [], "start_line": 82}, "async_discovery.limited_discover": {"executed_lines": [], "summary": {"covered_lines": 0, "num_statements": 2, "percent_covered": 0.0, "percent_covered_display": "0", "missing_lines": 2, "excluded_lines": 0, "percent_statements_covered": 0.0, "percent_statements_covered_display": "0"}, "missing_lines": [102, 103], "excluded_lines": [], "start_line": 101}, "run_workflow": {"executed_lines": [114, 115], "summary": {"covered_lines": 2, "num_statements": 30, "percent_covered": 6.666666666666667, "percent_covered_display": "7", "missing_lines": 28, "excluded_lines": 9, "percent_statements_covered": 6.666666666666667, "percent_statements_covered_display": "7"}, "missing_lines": [116, 120, 121, 126, 128, 132, 133, 134, 136, 144, 145, 147, 148, 150, 156, 157, 158, 160, 161, 163, 173, 175, 176, 177, 178, 183, 184, 186], "excluded_lines": [119, 122, 123, 124, 127, 130, 174, 179, 180], "start_line": 112}, "": {"executed_lines": [1, 2, 3, 4, 5, 6, 7, 8, 9, 11, 12, 14, 17, 24, 27, 32, 82, 112], "summary": {"covered_lines": 18, "num_statements": 18, "percent_covered": 100.0, "percent_covered_display": "100", "missing_lines": 0, "excluded_lines": 0, "percent_statements_covered": 100.0, "percent_statements_covered_display": "100"}, "missing_lines": [], "excluded_lines": [], "start_line": 1}}, "classes": {"WRDiscoveryEngine": {"executed_lines": [], "summary": {"covered_lines": 0, "num_statements": 28, "percent_covered": 0.0, "percent_covered_display": "0", "missing_lines": 28, "excluded_lines": 4, "percent_statements_covered": 0.0, "percent_statements_covered_display": "0"}, "missing_lines": [28, 29, 30, 34, 35, 36, 38, 40, 41, 43, 44, 45, 50, 51, 53, 56, 58, 59, 62, 66, 68, 69, 70, 71, 73, 74, 79, 80], "excluded_lines": [55, 75, 76, 77], "start_line": 24}, "": {"executed_lines": [1, 2, 3, 4, 5, 6, 7, 8, 9, 11, 12, 14, 17, 24, 27, 32, 82, 112, 114, 115], "summary": {"covered_lines": 20, "num_statements": 70, "percent_covered": 28.571428571428573, "percent_covered_display": "29", "missing_lines": 50, "excluded_lines": 9, "percent_statements_covered": 28.571428571428573, "percent_statements_covered_display": "29"}, "missing_lines": [84, 85, 86, 87, 90, 91, 92, 93, 94, 95, 96, 97, 100, 101, 102, 103, 105, 106, 107, 108, 109, 110, 116, 120, 121, 126, 128, 132, 133, 134, 136, 144, 145, 147, 148, 150, 156, 157, 158, 160, 161, 163, 173, 175, 176, 177, 178, 183, 184, 186], "excluded_lines": [119, 122, 123, 124, 127, 130, 174, 179, 180], "start_line": 1}}}, "scrapy_project/items.py": {"executed_lines": [1, 4, 5, 6, 7, 8, 9, 10, 11, 12, 13, 14, 15, 16, 17, 19], "summary": {"covered_lines": 16, "num_statements": 19, "percent_covered": 84.21052631578948, "percent_covered_display": "84", "missing_lines": 3, "excluded_lines": 0, "percent_statements_covered": 84.21052631578948, "percent_statements_covered_display": "84"}, "missing_lines": [21, 22, 23], "excluded_lines": [], "functions": {"DecisionItem.to_dict": {"executed_lines": [], "summary": {"covered_lines": 0, "num_statements": 3, "percent_covered": 0.0, "percent_covered_display": "0", "missing_lines": 3, "excluded_lines": 0, "percent_statements_covered": 0.0, "percent_statements_covered_display": "0"}, "missing_lines": [21, 22, 23], "excluded_lines": [], "start_line": 19}, "": {"executed_lines": [1, 4, 5, 6, 7, 8, 9, 10, 11, 12, 13, 14, 15, 16, 17, 19], "summary": {"covered_lines": 16, "num_statements": 16, "percent_covered": 100.0, "percent_covered_display": "100", "missing_lines": 0, "excluded_lines": 0, "percent_statements_covered": 100.0, "percent_statements_covered_display": "100"}, "missing_lines": [], "excluded_lines": [], "start_line": 1}}, "classes": {"DecisionItem": {"executed_lines": [], "summary": {"covered_lines": 0, "num_statements": 3, "percent_covered": 0.0, "percent_covered_display": "0", "missing_lines": 3, "excluded_lines": 0, "percent_statements_covered": 0.0, "percent_statements_covered_display": "0"}, "missing_lines": [21, 22, 23], "excluded_lines": [], "start_line": 4}, "": {"executed_lines": [1, 4, 5, 6, 7, 8, 9, 10, 11, 12, 13, 14, 15, 16, 17, 19], "summary": {"covered_lines": 16, "num_statements": 16, "percent_covered": 100.0, "percent_covered_display": "100", "missing_lines": 0, "excluded_lines": 0, "percent_statements_covered": 100.0, "percent_statements_covered_display": "100"}, "missing_lines": [], "excluded_lines": [], "start_line": 1}}}, "scrapy_project/pipelines.py": {"executed_lines": [1, 2, 3, 4, 5, 6, 9, 12, 15, 34, 37, 40, 44, 114, 124, 129, 132, 137, 138, 141, 144, 162, 242], "summary": {"covered_lines": 23, "num_statements": 106, "percent_covered": 21.69811320754717, "percent_covered_display": "22", "missing_lines": 83, "excluded_lines": 5, "percent_statements_covered": 21.69811320754717, "percent_statements_covered_display": "22"}, "missing_lines": [16, 17, 18, 19, 20, 22, 23, 31, 38, 41, 42, 45, 46, 47, 55, 57, 58, 59, 60, 61, 62, 64, 69, 71, 72, 73, 74, 77, 78, 80, 83, 85, 98, 112, 115, 122, 125, 126, 133, 134, 135, 139, 142, 145, 146, 154, 156, 157, 158, 160, 163, 164, 166, 169, 173, 177, 179, 180, 181, 182, 183, 184, 186, 187, 188, 196, 197, 198, 200, 210, 211, 212, 218, 219, 220, 225, 226, 227, 228, 240, 243, 244, 245], "excluded_lines": [99, 100, 110, 237, 238], "functions": {"HashCalculationPipeline.process_item": {"executed_lines": [], "summary": {"covered_lines": 0, "num_statements": 8, "percent_covered": 0.0, "percent_covered_display": "0", "missing_lines": 8, "excluded_lines": 0, "percent_statements_covered": 0.0, "percent_statements_covered_display": "0"}, "missing_lines": [16, 17, 18, 19, 20, 22, 23, 31], "excluded_lines": [], "start_line": 15}, "MinIOStoragePipeline.__init__": {"executed_lines": [], "summary": {"covered_lines": 0, "num_statements": 1, "percent_covered": 0.0, "percent_covered_display": "0", "missing_lines": 1, "excluded_lines": 0, "percent_statements_covered": 0.0, "percent_statements_covered_display": "0"}, "missing_lines": [38], "excluded_lines": [], "start_line": 37}, "MinIOStoragePipeline.open_spider": {"executed_lines": [], "summary": {"covered_lines": 0, "num_statements": 2, "percent_covered": 0.0, "percent_covered_display": "0", "missing_lines": 2, "excluded_lines": 0, "percent_statements_covered": 0.0, "percent_statements_covered_display": "0"}, "missing_lines": [41, 42], "excluded_lines": [], "start_line": 40}, "MinIOStoragePipeline.process_item": {"executed_lines": [], "summary": {"covered_lines": 0, "num_statements": 23, "percent_covered": 0.0, "percent_covered_display": "0", "missing_lines": 23, "excluded_lines": 3, "percent_statements_covered": 0.0, "percent_statements_covered_display": "0"}, "missing_lines": [45, 46, 47, 55, 57, 58, 59, 60, 61, 62, 64, 69, 71, 72, 73, 74, 77, 78, 80, 83, 85, 98, 112], "excluded_lines": [99, 100, 110], "start_line": 44}, "MinIOStoragePipeline._get_content_type": {"executed_lines": [], "summary": {"covered_lines": 0, "num_statements": 2, "percent_covered": 0.0, "percent_covered_display": "0", "missing_lines": 2, "excluded_lines": 0, "percent_statements_covered": 0.0, "percent_statements_covered_display": "0"}, "missing_lines": [115, 122], "excluded_lines": [], "start_line": 114}, "MinIOStoragePipeline.close_spider": {"executed_lines": [], "summary": {"covered_lines": 0, "num_statements": 2, "percent_covered": 0.0, "percent_covered_display": "0", "missing_lines": 2, "excluded_lines": 0, "percent_statements_covered": 0.0, "percent_statements_covered_display": "0"}, "missing_lines": [125, 126], "excluded_lines": [], "start_line": 124}, "MongoDBPipeline.__init__": {"executed_lines": [], "summary": {"covered_lines": 0, "num_statements": 3, "percent_covered": 0.0, "percent_covered_display": "0", "missing_lines": 3, "excluded_lines": 0, "percent_statements_covered": 0.0, "percent_statements_covered_display": "0"}, "missing_lines": [133, 134, 135], "excluded_lines": [], "start_line": 132}, "MongoDBPipeline.from_crawler": {"executed_lines": [], "summary": {"covered_lines": 0, "num_statements": 1, "percent_covered": 0.0, "percent_covered_display": "0", "missing_lines": 1, "excluded_lines": 0, "percent_statements_covered": 0.0, "percent_statements_covered_display": "0"}, "missing_lines": [139], "excluded_lines": [], "start_line": 138}, "MongoDBPipeline.open_spider": {"executed_lines": [], "summary": {"covered_lines": 0, "num_statements": 1, "percent_covered": 0.0, "percent_covered_display": "0", "missing_lines": 1, "excluded_lines": 0, "percent_statements_covered": 0.0, "percent_statements_covered_display": "0"}, "missing_lines": [142], "excluded_lines": [], "start_line": 141}, "MongoDBPipeline.process_item": {"executed_lines": [], "summary": {"covered_lines": 0, "num_statements": 7, "percent_covered": 0.0, "percent_covered_display": "0", "missing_lines": 7, "excluded_lines": 0, "percent_statements_covered": 0.0, "percent_statements_covered_display": "0"}, "missing_lines": [145, 146, 154, 156, 157, 158, 160], "excluded_lines": [], "start_line": 144}, "MongoDBPipeline._flush_buffer": {"executed_lines": [], "summary": {"covered_lines": 0, "num_statements": 30, "percent_covered": 0.0, "percent_covered_display": "0", "missing_lines": 30, "excluded_lines": 2, "percent_statements_covered": 0.0, "percent_statements_covered_display": "0"}, "missing_lines": [163, 164, 166, 169, 173, 177, 179, 180, 181, 182, 183, 184, 186, 187, 188, 196, 197, 198, 200, 210, 211, 212, 218, 219, 220, 225, 226, 227, 228, 240], "excluded_lines": [237, 238], "start_line": 162}, "MongoDBPipeline.close_spider": {"executed_lines": [], "summary": {"covered_lines": 0, "num_statements": 3, "percent_covered": 0.0, "percent_covered_display": "0", "missing_lines": 3, "excluded_lines": 0, "percent_statements_covered": 0.0, "percent_statements_covered_display": "0"}, "missing_lines": [243, 244, 245], "excluded_lines": [], "start_line": 242}, "": {"executed_lines": [1, 2, 3, 4, 5, 6, 9, 12, 15, 34, 37, 40, 44, 114, 124, 129, 132, 137, 138, 141, 144, 162, 242], "summary": {"covered_lines": 23, "num_statements": 23, "percent_covered": 100.0, "percent_covered_display": "100", "missing_lines": 0, "excluded_lines": 0, "percent_statements_covered": 100.0, "percent_statements_covered_display": "100"}, "missing_lines": [], "excluded_lines": [], "start_line": 1}}, "classes": {"HashCalculationPipeline": {"executed_lines": [], "summary": {"covered_lines": 0, "num_statements": 8, "percent_covered": 0.0, "percent_covered_display": "0", "missing_lines": 8, "excluded_lines": 0, "percent_statements_covered": 0.0, "percent_statements_covered_display": "0"}, "missing_lines": [16, 17, 18, 19, 20, 22, 23, 31], "excluded_lines": [], "start_line": 12}, "MinIOStoragePipeline": {"executed_lines": [], "summary": {"covered_lines": 0, "num_statements": 30, "percent_covered": 0.0, "percent_covered_display": "0", "missing_lines": 30, "excluded_lines": 3, "percent_statements_covered": 0.0, "percent_statements_covered_display": "0"}, "missing_lines": [38, 41, 42, 45, 46, 47, 55, 57, 58, 59, 60, 61, 62, 64, 69, 71, 72, 73, 74, 77, 78, 80, 83, 85, 98, 112, 115, 122, 125, 126], "excluded_lines": [99, 100, 110], "start_line": 34}, "MongoDBPipeline": {"executed_lines": [], "summary": {"covered_lines": 0, "num_statements": 45, "percent_covered": 0.0, "percent_covered_display": "0", "missing_lines": 45, "excluded_lines": 2, "percent_statements_covered": 0.0, "percent_statements_covered_display": "0"}, "missing_lines": [133, 134, 135, 139, 142, 145, 146, 154, 156, 157, 158, 160, 163, 164, 166, 169, 173, 177, 179, 180, 181, 182, 183, 184, 186, 187, 188, 196, 197, 198, 200, 210, 211, 212, 218, 219, 220, 225, 226, 227, 228, 240, 243, 244, 245], "excluded_lines": [237, 238], "start_line": 129}, "": {"executed_lines": [1, 2, 3, 4, 5, 6, 9, 12, 15, 34, 37, 40, 44, 114, 124, 129, 132, 137, 138, 141, 144, 162, 242], "summary": {"covered_lines": 23, "num_statements": 23, "percent_covered": 100.0, "percent_covered_display": "100", "missing_lines": 0, "excluded_lines": 0, "percent_statements_covered": 100.0, "percent_statements_covered_display": "100"}, "missing_lines": [], "excluded_lines": [], "start_line": 1}}}, "scrapy_project/spiders/wr_spider.py": {"executed_lines": [1, 2, 3, 4, 5, 6, 7, 8, 9, 11, 12, 13, 14, 17, 19, 20, 21, 22, 23, 26, 33, 44, 45, 46, 47, 48, 49, 50, 51, 54, 62, 64, 65, 66, 69, 70, 71, 81, 126, 128, 129, 132, 133, 134, 163, 165, 166, 167, 170, 175, 206, 207, 212, 213, 215, 216, 221, 222, 223, 224, 225, 228, 230, 234, 235, 236, 237, 238, 239, 242, 243, 245, 246, 247, 252, 253, 254, 255, 256, 257, 260, 263, 269], "summary": {"covered_lines": 83, "num_statements": 142, "percent_covered": 58.45070422535211, "percent_covered_display": "58", "missing_lines": 59, "excluded_lines": 4, "percent_statements_covered": 58.45070422535211, "percent_statements_covered_display": "58"}, "missing_lines": [84, 86, 89, 90, 91, 92, 94, 95, 97, 98, 99, 100, 103, 108, 109, 111, 112, 124, 145, 146, 147, 148, 149, 150, 171, 172, 178, 179, 180, 182, 184, 185, 186, 187, 188, 189, 190, 191, 192, 193, 195, 196, 202, 203, 204, 208, 209, 210, 226, 240, 244, 248, 249, 250, 258, 264, 265, 266, 267], "excluded_lines": [68, 173, 261, 270], "functions": {"WorkplaceRelationsSpider.__init__": {"executed_lines": [44, 45, 46, 47, 48, 49, 50, 51, 54], "summary": {"covered_lines": 9, "num_statements": 9, "percent_covered": 100.0, "percent_covered_display": "100", "missing_lines": 0, "excluded_lines": 0, "percent_statements_covered": 100.0, "percent_statements_covered_display": "100"}, "missing_lines": [], "excluded_lines": [], "start_line": 33}, "WorkplaceRelationsSpider.start_requests": {"executed_lines": [64, 65, 66, 69, 70, 71, 81], "summary": {"covered_lines": 7, "num_statements": 25, "percent_covered": 28.0, "percent_covered_display": "28", "missing_lines": 18, "excluded_lines": 1, "percent_statements_covered": 28.0, "percent_statements_covered_display": "28"}, "missing_lines": [84, 86, 89, 90, 91, 92, 94, 95, 97, 98, 99, 100, 103, 108, 109, 111, 112, 124], "excluded_lines": [68], "start_line": 62}, "WorkplaceRelationsSpider.parse_search_results": {"executed_lines": [128, 129, 132, 133, 134], "summary": {"covered_lines": 5, "num_statements": 11, "percent_covered": 45.45454545454545, "percent_covered_display": "45", "missing_lines": 6, "excluded_lines": 0, "percent_statements_covered": 45.45454545454545, "percent_statements_covered_display": "45"}, "missing_lines": [145, 146, 147, 148, 149, 150], "excluded_lines": [], "start_line": 126}, "WorkplaceRelationsSpider.parse_decision_detail": {"executed_lines": [165, 166, 167, 170, 175], "summary": {"covered_lines": 5, "num_statements": 26, "percent_covered": 19.23076923076923, "percent_covered_display": "19", "missing_lines": 21, "excluded_lines": 1, "percent_statements_covered": 19.23076923076923, "percent_statements_covered_display": "19"}, "missing_lines": [171, 172, 178, 179, 180, 182, 184, 185, 186, 187, 188, 189, 190, 191, 192, 193, 195, 196, 202, 203, 204], "excluded_lines": [173], "start_line": 163}, "WorkplaceRelationsSpider.save_document": {"executed_lines": [207], "summary": {"covered_lines": 1, "num_statements": 4, "percent_covered": 25.0, "percent_covered_display": "25", "missing_lines": 3, "excluded_lines": 0, "percent_statements_covered": 25.0, "percent_statements_covered_display": "25"}, "missing_lines": [208, 209, 210], "excluded_lines": [], "start_line": 206}, "WorkplaceRelationsSpider._extract_identifier": {"executed_lines": [213], "summary": {"covered_lines": 1, "num_statements": 1, "percent_covered": 100.0, "percent_covered_display": "100", "missing_lines": 0, "excluded_lines": 0, "percent_statements_covered": 100.0, "percent_statements_covered_display": "100"}, "missing_lines": [], "excluded_lines": [], "start_line": 212}, "WorkplaceRelationsSpider._extract_date": {"executed_lines": [216, 221, 222, 223, 224, 225], "summary": {"covered_lines": 6, "num_statements": 7, "percent_covered": 85.71428571428571, "percent_covered_display": "86", "missing_lines": 1, "excluded_lines": 0, "percent_statements_covered": 85.71428571428571, "percent_statements_covered_display": "86"}, "missing_lines": [226], "excluded_lines": [], "start_line": 215}, "WorkplaceRelationsSpider._extract_date_from_url": {"executed_lines": [230, 234, 235, 236, 237, 238, 239], "summary": {"covered_lines": 7, "num_statements": 8, "percent_covered": 87.5, "percent_covered_display": "88", "missing_lines": 1, "excluded_lines": 0, "percent_statements_covered": 87.5, "percent_statements_covered_display": "88"}, "missing_lines": [240], "excluded_lines": [], "start_line": 228}, "WorkplaceRelationsSpider._parse_date": {"executed_lines": [243, 245, 246, 247], "summary": {"covered_lines": 4, "num_statements": 8, "percent_covered": 50.0, "percent_covered_display": "50", "missing_lines": 4, "excluded_lines": 0, "percent_statements_covered": 50.0, "percent_statements_covered_display": "50"}, "missing_lines": [244, 248, 249, 250], "excluded_lines": [], "start_line": 242}, "WorkplaceRelationsSpider._get_document_url": {"executed_lines": [253, 254, 255, 256, 257], "summary": {"covered_lines": 5, "num_statements": 6, "percent_covered": 83.33333333333333, "percent_covered_display": "83", "missing_lines": 1, "excluded_lines": 0, "percent_statements_covered": 83.33333333333333, "percent_statements_covered_display": "83"}, "missing_lines": [258], "excluded_lines": [], "start_line": 252}, "WorkplaceRelationsSpider.handle_error": {"executed_lines": [], "summary": {"covered_lines": 0, "num_statements": 0, "percent_covered": 100.0, "percent_covered_display": "100", "missing_lines": 0, "excluded_lines": 1, "percent_statements_covered": 100.0, "percent_statements_covered_display": "100"}, "missing_lines": [], "excluded_lines": [261], "start_line": 260}, "WorkplaceRelationsSpider.handle_download_error": {"executed_lines": [], "summary": {"covered_lines": 0, "num_statements": 4, "percent_covered": 0.0, "percent_covered_display": "0", "missing_lines": 4, "excluded_lines": 0, "percent_statements_covered": 0.0, "percent_statements_covered_display": "0"}, "missing_lines": [264, 265, 266, 267], "excluded_lines": [], "start_line": 263}, "WorkplaceRelationsSpider.closed": {"executed_lines": [], "summary": {"covered_lines": 0, "num_statements": 0, "percent_covered": 100.0, "percent_covered_display": "100", "missing_lines": 0, "excluded_lines": 1, "percent_statements_covered": 100.0, "percent_statements_covered_display": "100"}, "missing_lines": [], "excluded_lines": [270], "start_line": 269}, "": {"executed_lines": [1, 2, 3, 4, 5, 6, 7, 8, 9, 11, 12, 13, 14, 17, 19, 20, 21, 22, 23, 26, 33, 62, 126, 163, 206, 212, 215, 228, 242, 252, 260, 263, 269], "summary": {"covered_lines": 33, "num_statements": 33, "percent_covered": 100.0, "percent_covered_display": "100", "missing_lines": 0, "excluded_lines": 0, "percent_statements_covered": 100.0, "percent_statements_covered_display": "100"}, "missing_lines": [], "excluded_lines": [], "start_line": 1}}, "classes": {"WorkplaceRelationsSpider": {"executed_lines": [44, 45, 46, 47, 48, 49, 50, 51, 54, 64, 65, 66, 69, 70, 71, 81, 128, 129, 132, 133, 134, 165, 166, 167, 170, 175, 207, 213, 216, 221, 222, 223, 224, 225, 230, 234, 235, 236, 237, 238, 239, 243, 245, 246, 247, 253, 254, 255, 256, 257], "summary": {"covered_lines": 50, "num_statements": 109, "percent_covered": 45.87155963302752, "percent_covered_display": "46", "missing_lines": 59, "excluded_lines": 4, "percent_statements_covered": 45.87155963302752, "percent_statements_covered_display": "46"}, "missing_lines": [84, 86, 89, 90, 91, 92, 94, 95, 97, 98, 99, 100, 103, 108, 109, 111, 112, 124, 145, 146, 147, 148, 149, 150, 171, 172, 178, 179, 180, 182, 184, 185, 186, 187, 188, 189, 190, 191, 192, 193, 195, 196, 202, 203, 204, 208, 209, 210, 226, 240, 244, 248, 249, 250, 258, 264, 265, 266, 267], "excluded_lines": [68, 173, 261, 270], "start_line": 19}, "": {"executed_lines": [1, 2, 3, 4, 5, 6, 7, 8, 9, 11, 12, 13, 14, 17, 19, 20, 21, 22, 23, 26, 33, 62, 126, 163, 206, 212, 215, 228, 242, 252, 260, 263, 269], "summary": {"covered_lines": 33, "num_statements": 33, "percent_covered": 100.0, "percent_covered_display": "100", "missing_lines": 0, "excluded_lines": 0, "percent_statements_covered": 100.0, "percent_statements_covered_display": "100"}, "missing_lines": [], "excluded_lines": [], "start_line": 1}}}, "transformer/html_cleaner.py": {"executed_lines": [1, 2, 4, 7, 8, 9, 35, 36, 37, 38, 39, 40, 41, 43, 44, 45, 46, 48, 49, 50, 55, 56, 68, 69, 70, 71, 72, 73, 74, 75, 76, 77, 78, 79, 81, 82, 83, 84, 85], "summary": {"covered_lines": 39, "num_statements": 41, "percent_covered": 95.1219512195122, "percent_covered_display": "95", "missing_lines": 2, "excluded_lines": 3, "percent_statements_covered": 95.1219512195122, "percent_statements_covered_display": "95"}, "missing_lines": [42, 90], "excluded_lines": [51, 52, 53], "functions": {"HTMLCleaner.__init__": {"executed_lines": [9], "summary": {"covered_lines": 1, "num_statements": 1, "percent_covered": 100.0, "percent_covered_display": "100", "missing_lines": 0, "excluded_lines": 0, "percent_statements_covered": 100.0, "percent_statements_covered_display": "100"}, "missing_lines": [], "excluded_lines": [], "start_line": 8}, "HTMLCleaner.extract_content": {"executed_lines": [36, 37, 38, 39, 40, 41, 43, 44, 45, 46, 48, 49, 50], "summary": {"covered_lines": 13, "num_statements": 14, "percent_covered": 92.85714285714286, "percent_covered_display": "93", "missing_lines": 1, "excluded_lines": 3, "percent_statements_covered": 92.85714285714286, "percent_statements_covered_display": "93"}, "missing_lines": [42], "excluded_lines": [51, 52, 53], "start_line": 35}, "HTMLCleaner._find_main_content": {"executed_lines": [56, 68, 69, 70, 71, 72, 73, 74, 75, 76, 77, 78, 79], "summary": {"covered_lines": 13, "num_statements": 13, "percent_covered": 100.0, "percent_covered_display": "100", "missing_lines": 0, "excluded_lines": 0, "percent_statements_covered": 100.0, "percent_statements_covered_display": "100"}, "missing_lines": [], "excluded_lines": [], "start_line": 55}, "HTMLCleaner._clean_empty_tags": {"executed_lines": [82, 83, 84, 85], "summary": {"covered_lines": 4, "num_statements": 5, "percent_covered": 80.0, "percent_covered_display": "80", "missing_lines": 1, "excluded_lines": 0, "percent_statements_covered": 80.0, "percent_statements_covered_display": "80"}, "missing_lines": [90], "excluded_lines": [], "start_line": 81}, "": {"executed_lines": [1, 2, 4, 7, 8, 35, 55, 81], "summary": {"covered_lines": 8, "num_statements": 8, "percent_covered": 100.0, "percent_covered_display": "100", "missing_lines": 0, "excluded_lines": 0, "percent_statements_covered": 100.0, "percent_statements_covered_display": "100"}, "missing_lines": [], "excluded_lines": [], "start_line": 1}}, "classes": {"HTMLCleaner": {"executed_lines": [9, 36, 37, 38, 39, 40, 41, 43, 44, 45, 46, 48, 49, 50, 56, 68, 69, 70, 71, 72, 73, 74, 75, 76, 77, 78, 79, 82, 83, 84, 85], "summary": {"covered_lines": 31, "num_statements": 33, "percent_covered": 93.93939393939394, "percent_covered_display": "94", "missing_lines": 2, "excluded_lines": 3, "percent_statements_covered": 93.93939393939394, "percent_statements_covered_display": "94"}, "missing_lines": [42, 90], "excluded_lines": [51, 52, 53], "start_line": 7}, "": {"executed_lines": [1, 2, 4, 7, 8, 35, 55, 81], "summary": {"covered_lines": 8, "num_statements": 8, "percent_covered": 100.0, "percent_covered_display": "100", "missing_lines": 0, "excluded_lines": 0, "percent_statements_covered": 100.0, "percent_statements_covered_display": "100"}, "missing_lines": [], "excluded_lines": [], "start_line": 1}}}, "transformer/transform.py": {"executed_lines": [2, 3, 4, 5, 6, 7, 8, 9, 10, 11, 14, 17, 18, 20, 21, 22, 23, 24, 25, 30, 31, 32, 35, 39, 40, 42, 43, 49, 50, 51, 52, 55, 56, 57, 58, 60, 63, 69, 70, 72, 73, 77, 87, 88, 90, 91, 93, 95, 96, 98, 99, 100, 101, 102, 105, 106, 108, 109, 110, 113, 115, 118, 122, 126, 128, 129, 130, 131, 135, 137, 143, 144, 145, 146, 147, 148, 149, 150, 161, 163, 166, 168, 169, 170, 171, 173, 178, 179, 184, 189, 190, 193, 196, 203, 204, 205, 206, 207, 210, 215, 232, 236, 279, 280, 281, 282, 283, 284, 285, 290, 293, 294, 299, 300, 302, 303, 311, 321, 325], "summary": {"covered_lines": 119, "num_statements": 158, "percent_covered": 75.31645569620254, "percent_covered_display": "75", "missing_lines": 39, "excluded_lines": 25, "percent_statements_covered": 75.31645569620254, "percent_statements_covered_display": "75"}, "missing_lines": [97, 103, 114, 116, 123, 153, 155, 175, 181, 200, 237, 238, 239, 241, 242, 243, 245, 246, 247, 248, 249, 251, 252, 256, 258, 275, 295, 312, 319, 322, 326, 328, 329, 330, 331, 333, 334, 335, 337], "excluded_lines": [66, 83, 84, 85, 92, 120, 133, 156, 157, 158, 162, 165, 174, 180, 197, 286, 287, 288, 296, 306, 307, 308, 309, 340, 341], "functions": {"TransformationPipeline.__init__": {"executed_lines": [20, 21, 22, 23, 24, 25, 30, 31, 32, 35, 39, 40], "summary": {"covered_lines": 12, "num_statements": 12, "percent_covered": 100.0, "percent_covered_display": "100", "missing_lines": 0, "excluded_lines": 0, "percent_statements_covered": 100.0, "percent_statements_covered_display": "100"}, "missing_lines": [], "excluded_lines": [], "start_line": 18}, "TransformationPipeline._init_clients": {"executed_lines": [43, 49, 50, 51, 52, 55, 56, 57, 58], "summary": {"covered_lines": 9, "num_statements": 9, "percent_covered": 100.0, "percent_covered_display": "100", "missing_lines": 0, "excluded_lines": 0, "percent_statements_covered": 100.0, "percent_statements_covered_display": "100"}, "missing_lines": [], "excluded_lines": [], "start_line": 42}, "TransformationPipeline.run": {"executed_lines": [69, 70, 72, 73, 77, 87, 88, 90, 91, 93, 95, 105, 106, 108, 109, 110, 113, 115, 118, 122, 126, 128, 129, 130, 131, 135, 137, 143, 144, 145, 146, 147, 148, 149, 150, 161, 163, 166], "summary": {"covered_lines": 38, "num_statements": 43, "percent_covered": 88.37209302325581, "percent_covered_display": "88", "missing_lines": 5, "excluded_lines": 12, "percent_statements_covered": 88.37209302325581, "percent_statements_covered_display": "88"}, "missing_lines": [114, 116, 123, 153, 155], "excluded_lines": [66, 83, 84, 85, 92, 120, 133, 156, 157, 158, 162, 165], "start_line": 63}, "TransformationPipeline.run.robust_date_parse": {"executed_lines": [96, 98, 99, 100, 101, 102], "summary": {"covered_lines": 6, "num_statements": 8, "percent_covered": 75.0, "percent_covered_display": "75", "missing_lines": 2, "excluded_lines": 0, "percent_statements_covered": 75.0, "percent_statements_covered_display": "75"}, "missing_lines": [97, 103], "excluded_lines": [], "start_line": 95}, "TransformationPipeline._transform_document": {"executed_lines": [169, 170, 171, 173, 178, 179, 184, 189, 190, 193, 196, 203, 204, 205, 206, 207, 210, 215, 232], "summary": {"covered_lines": 19, "num_statements": 22, "percent_covered": 86.36363636363636, "percent_covered_display": "86", "missing_lines": 3, "excluded_lines": 3, "percent_statements_covered": 86.36363636363636, "percent_statements_covered_display": "86"}, "missing_lines": [175, 181, 200], "excluded_lines": [174, 180, 197], "start_line": 168}, "TransformationPipeline._copy_as_is": {"executed_lines": [], "summary": {"covered_lines": 0, "num_statements": 16, "percent_covered": 0.0, "percent_covered_display": "0", "missing_lines": 16, "excluded_lines": 0, "percent_statements_covered": 0.0, "percent_statements_covered_display": "0"}, "missing_lines": [237, 238, 239, 241, 242, 243, 245, 246, 247, 248, 249, 251, 252, 256, 258, 275], "excluded_lines": [], "start_line": 236}, "TransformationPipeline._download_file": {"executed_lines": [280, 281, 282, 283, 284, 285], "summary": {"covered_lines": 6, "num_statements": 6, "percent_covered": 100.0, "percent_covered_display": "100", "missing_lines": 0, "excluded_lines": 3, "percent_statements_covered": 100.0, "percent_statements_covered_display": "100"}, "missing_lines": [], "excluded_lines": [286, 287, 288], "start_line": 279}, "TransformationPipeline._upload_file": {"executed_lines": [293, 294, 299, 300, 302, 303], "summary": {"covered_lines": 6, "num_statements": 7, "percent_covered": 85.71428571428571, "percent_covered_display": "86", "missing_lines": 1, "excluded_lines": 5, "percent_statements_covered": 85.71428571428571, "percent_statements_covered_display": "86"}, "missing_lines": [295], "excluded_lines": [296, 306, 307, 308, 309], "start_line": 290}, "TransformationPipeline._get_content_type": {"executed_lines": [], "summary": {"covered_lines": 0, "num_statements": 2, "percent_covered": 0.0, "percent_covered_display": "0", "missing_lines": 2, "excluded_lines": 0, "percent_statements_covered": 0.0, "percent_statements_covered_display": "0"}, "missing_lines": [312, 319], "excluded_lines": [], "start_line": 311}, "TransformationPipeline.close": {"executed_lines": [], "summary": {"covered_lines": 0, "num_statements": 1, "percent_covered": 0.0, "percent_covered_display": "0", "missing_lines": 1, "excluded_lines": 0, "percent_statements_covered": 0.0, "percent_statements_covered_display": "0"}, "missing_lines": [322], "excluded_lines": [], "start_line": 321}, "main": {"executed_lines": [], "summary": {"covered_lines": 0, "num_statements": 9, "percent_covered": 0.0, "percent_covered_display": "0", "missing_lines": 9, "excluded_lines": 0, "percent_statements_covered": 0.0, "percent_statements_covered_display": "0"}, "missing_lines": [326, 328, 329, 330, 331, 333, 334, 335, 337], "excluded_lines": [], "start_line": 325}, "": {"executed_lines": [2, 3, 4, 5, 6, 7, 8, 9, 10, 11, 14, 17, 18, 42, 60, 63, 168, 236, 279, 290, 311, 321, 325], "summary": {"covered_lines": 23, "num_statements": 23, "percent_covered": 100.0, "percent_covered_display": "100", "missing_lines": 0, "excluded_lines": 2, "percent_statements_covered": 100.0, "percent_statements_covered_display": "100"}, "missing_lines": [], "excluded_lines": [340, 341], "start_line": 1}}, "classes": {"TransformationPipeline": {"executed_lines": [20, 21, 22, 23, 24, 25, 30, 31, 32, 35, 39, 40, 43, 49, 50, 51, 52, 55, 56, 57, 58, 69, 70, 72, 73, 77, 87, 88, 90, 91, 93, 95, 96, 98, 99, 100, 101, 102, 105, 106, 108, 109, 110, 113, 115, 118, 122, 126, 128, 129, 130, 131, 135, 137, 143, 144, 145, 146, 147, 148, 149, 150, 161, 163, 166, 169, 170, 171, 173, 178, 179, 184, 189, 190, 193, 196, 203, 204, 205, 206, 207, 210, 215, 232, 280, 281, 282, 283, 284, 285, 293, 294, 299, 300, 302, 303], "summary": {"covered_lines": 96, "num_statements": 126, "percent_covered": 76.19047619047619, "percent_covered_display": "76", "missing_lines": 30, "excluded_lines": 23, "percent_statements_covered": 76.19047619047619, "percent_statements_covered_display": "76"}, "missing_lines": [97, 103, 114, 116, 123, 153, 155, 175, 181, 200, 237, 238, 239, 241, 242, 243, 245, 246, 247, 248, 249, 251, 252, 256, 258, 275, 295, 312, 319, 322], "excluded_lines": [66, 83, 84, 85, 92, 120, 133, 156, 157, 158, 162, 165, 174, 180, 197, 286, 287, 288, 296, 306, 307, 308, 309], "start_line": 17}, "": {"executed_lines": [2, 3, 4, 5, 6, 7, 8, 9, 10, 11, 14, 17, 18, 42, 60, 63, 168, 236, 279, 290, 311, 321, 325], "summary": {"covered_lines": 23, "num_statements": 32, "percent_covered": 71.875, "percent_covered_display": "72", "missing_lines": 9, "excluded_lines": 2, "percent_statements_covered": 71.875, "percent_statements_covered_display": "72"}, "missing_lines": [326, 328, 329, 330, 331, 333, 334, 335, 337], "excluded_lines": [340, 341], "start_line": 1}}}, "utils/logging_utils.py": {"executed_lines": [1, 2, 3, 4, 5, 8, 13, 14, 17, 19, 21, 23, 24, 25, 28, 30, 35, 36, 37, 39, 42], "summary": {"covered_lines": 21, "num_statements": 24, "percent_covered": 87.5, "percent_covered_display": "88", "missing_lines": 3, "excluded_lines": 0, "percent_statements_covered": 87.5, "percent_statements_covered_display": "88"}, "missing_lines": [26, 47, 48], "excluded_lines": [], "functions": {"setup_logging": {"executed_lines": [13, 14, 17, 19, 21, 23, 24, 25, 28, 30, 35, 36, 37, 39], "summary": {"covered_lines": 14, "num_statements": 15, "percent_covered": 93.33333333333333, "percent_covered_display": "93", "missing_lines": 1, "excluded_lines": 0, "percent_statements_covered": 93.33333333333333, "percent_statements_covered_display": "93"}, "missing_lines": [26], "excluded_lines": [], "start_line": 8}, "log_structured": {"executed_lines": [], "summary": {"covered_lines": 0, "num_statements": 2, "percent_covered": 0.0, "percent_covered_display": "0", "missing_lines": 2, "excluded_lines": 0, "percent_statements_covered": 0.0, "percent_statements_covered_display": "0"}, "missing_lines": [47, 48], "excluded_lines": [], "start_line": 42}, "": {"executed_lines": [1, 2, 3, 4, 5, 8, 42], "summary": {"covered_lines": 7, "num_statements": 7, "percent_covered": 100.0, "percent_covered_display": "100", "missing_lines": 0, "excluded_lines": 0, "percent_statements_covered": 100.0, "percent_statements_covered_display": "100"}, "missing_lines": [], "excluded_lines": [], "start_line": 1}}, "classes": {"": {"executed_lines": [1, 2, 3, 4, 5, 8, 13, 14, 17, 19, 21, 23, 24, 25, 28, 30, 35, 36, 37, 39, 42], "summary": {"covered_lines": 21, "num_statements": 24, "percent_covered": 87.5, "percent_covered_display": "88", "missing_lines": 3, "excluded_lines": 0, "percent_statements_covered": 87.5, "percent_statements_covered_display": "88"}, "missing_lines": [26, 47, 48], "excluded_lines": [], "start_line": 1}}}}, "totals": {"covered_lines": 321, "num_statements": 650, "percent_covered": 49.38461538461539, "percent_covered_display": "49", "missing_lines": 329, "excluded_lines": 50, "percent_statements_covered": 49.38461538461539, "percent_statements_covered_display": "49"}}